mobile/android/app/build/intermediates/manifest_merge_blame_file/debug/manifest-merger-blame-debug-report.txt
1<?xml version="1.0" encoding="utf-8"?>
2<manifest xmlns:android="http://schemas.android.com/apk/res/android"
3    package="com.navisense"
4    android:versionCode="1"
5    android:versionName="1.0.0" >
6
7    <uses-sdk
8        android:minSdkVersion="26"
9        android:targetSdkVersion="34" />
10
11    <!-- ── Permissions for NaviSense MVP ────────────────────────── -->
12
13
14    <!-- Network: backend communication -->
15    <uses-permission android:name="android.permission.INTERNET" />
15-->src\main\AndroidManifest.xml:8:5-67
15-->src\main\AndroidManifest.xml:8:22-64
16    <uses-permission android:name="android.permission.ACCESS_NETWORK_STATE" />
16-->src\main\AndroidManifest.xml:9:5-79
16-->src\main\AndroidManifest.xml:9:22-76
17
18    <!-- Location: for map centering and future positioning -->
19    <uses-permission android:name="android.permission.ACCESS_FINE_LOCATION" />
19-->src\main\AndroidManifest.xml:12:5-79
19-->src\main\AndroidManifest.xml:12:22-76
20    <uses-permission android:name="android.permission.ACCESS_COARSE_LOCATION" />
20-->src\main\AndroidManifest.xml:13:5-81
20-->src\main\AndroidManifest.xml:13:22-78
21
22    <!-- Camera: for visual positioning (ScannerCamera) -->
23    <uses-permission android:name="android.permission.CAMERA" />
23-->src\main\AndroidManifest.xml:16:5-65
23-->src\main\AndroidManifest.xml:16:22-62
24
25    <!--
26         Storage: for TempScans – API 26+ uses scoped storage,
27         but keep for broad compatibility
28    -->
29    <uses-permission
29-->src\main\AndroidManifest.xml:20:5-23:40
30        android:name="android.permission.WRITE_EXTERNAL_STORAGE"
30-->src\main\AndroidManifest.xml:21:9-65
31        android:maxSdkVersion="28" />
31-->src\main\AndroidManifest.xml:22:9-35
32
33    <!-- ── Features ─────────────────────────────────────────────── -->
34
35
36    <!-- Camera is NOT required at app launch (only for positioning) -->
37    <uses-feature
37-->src\main\AndroidManifest.xml:28:5-30:36
38        android:name="android.hardware.camera"
38-->src\main\AndroidManifest.xml:29:9-47
39        android:required="false" />
39-->src\main\AndroidManifest.xml:30:9-33
40
41    <!-- Location hardware is NOT required (map can show default location) -->
42    <uses-feature
42-->src\main\AndroidManifest.xml:33:5-35:36
43        android:name="android.hardware.location"
43-->src\main\AndroidManifest.xml:34:9-49
44        android:required="false" />
44-->src\main\AndroidManifest.xml:35:9-33
45    <uses-feature
45-->src\main\AndroidManifest.xml:36:5-38:36
46        android:name="android.hardware.location.gps"
46-->src\main\AndroidManifest.xml:37:9-53
47        android:required="false" />
47-->src\main\AndroidManifest.xml:38:9-33
48    <uses-feature
48-->[com.google.android.gms:play-services-maps:18.2.0] AndroidManifest.xml:26:5-28:35
49        android:glEsVersion="0x00020000"
49-->[com.google.android.gms:play-services-maps:18.2.0] AndroidManifest.xml:27:9-41
50        android:required="true" />
50-->[com.google.android.gms:play-services-maps:18.2.0] AndroidManifest.xml:28:9-32
51
52    <queries>
52-->[com.google.android.gms:play-services-maps:18.2.0] AndroidManifest.xml:30:5-34:15
53
54        <!-- Needs to be explicitly declared on Android R+ -->
55        <package android:name="com.google.android.apps.maps" />
55-->[com.google.android.gms:play-services-maps:18.2.0] AndroidManifest.xml:33:9-64
55-->[com.google.android.gms:play-services-maps:18.2.0] AndroidManifest.xml:33:18-61
56    </queries>
57
58    <permission
58-->[androidx.core:core:1.12.0] AndroidManifest.xml:22:5-24:47
59        android:name="com.navisense.DYNAMIC_RECEIVER_NOT_EXPORTED_PERMISSION"
59-->[androidx.core:core:1.12.0] AndroidManifest.xml:23:9-81
60        android:protectionLevel="signature" />
60-->[androidx.core:core:1.12.0] AndroidManifest.xml:24:9-44
61
62    <uses-permission android:name="com.navisense.DYNAMIC_RECEIVER_NOT_EXPORTED_PERMISSION" /> <!-- ── Application ──────────────────────────────────────────── -->
62-->[androidx.core:core:1.12.0] AndroidManifest.xml:26:5-97
62-->[androidx.core:core:1.12.0] AndroidManifest.xml:26:22-94
63    <application
63-->src\main\AndroidManifest.xml:42:5-84:19
64        android:allowBackup="true"
64-->src\main\AndroidManifest.xml:43:9-35
65        android:appComponentFactory="androidx.core.app.CoreComponentFactory"
65-->[androidx.core:core:1.12.0] AndroidManifest.xml:28:18-86
66        android:debuggable="true"
67        android:extractNativeLibs="true"
68        android:icon="@mipmap/ic_launcher"
68-->src\main\AndroidManifest.xml:44:9-43
69        android:label="@string/app_name"
69-->src\main\AndroidManifest.xml:45:9-41
70        android:roundIcon="@mipmap/ic_launcher_round"
70-->src\main\AndroidManifest.xml:46:9-54
71        android:supportsRtl="true"
71-->src\main\AndroidManifest.xml:47:9-35
72        android:testOnly="true"
73        android:theme="@style/Theme.NaviSense" >
73-->src\main\AndroidManifest.xml:48:9-47
74
75        <!--
76            ╔══════════════════════════════════════════════════════════════╗
77            ║  Google Maps API Key                                       ║
78            ║                                                            ║
79            ║  1. Go to https://console.cloud.google.com/                ║
80            ║  2. Select your project                                    ║
81            ║  3. APIs & Services → Credentials → Create API Key         ║
82            ║  4. Ensure "Maps SDK for Android" is ENABLED               ║
83            ║     (APIs & Services → Library → Maps SDK for Android)     ║
84            ║  5. Restrict the key:                                      ║
85            ║     - Android apps → add your package name + SHA-1         ║
86            ║  6. Paste the key below (without any $ prefix):            ║
87            ╚══════════════════════════════════════════════════════════════╝
88        -->
89        <meta-data
89-->src\main\AndroidManifest.xml:65:9-67:71
90            android:name="com.google.android.geo.API_KEY"
90-->src\main\AndroidManifest.xml:66:13-58
91            android:value="AIzaSyChztjBG3tb0_RS9uvx5Lk8iET84hBoho4" />
91-->src\main\AndroidManifest.xml:67:13-68
92
93        <!-- Main Activity (single-activity architecture) -->
94        <activity
94-->src\main\AndroidManifest.xml:70:9-82:20
95            android:name="com.navisense.MainActivity"
95-->src\main\AndroidManifest.xml:71:13-54
96            android:exported="true"
96-->src\main\AndroidManifest.xml:72:13-36
97            android:label="@string/app_name"
97-->src\main\AndroidManifest.xml:73:13-45
98            android:theme="@style/Theme.NaviSense"
98-->src\main\AndroidManifest.xml:74:13-51
99            android:windowSoftInputMode="adjustResize" >
99-->src\main\AndroidManifest.xml:75:13-55
100            <intent-filter>
100-->src\main\AndroidManifest.xml:77:13-80:29
101                <action android:name="android.intent.action.MAIN" />
101-->src\main\AndroidManifest.xml:78:17-69
101-->src\main\AndroidManifest.xml:78:25-66
102
103                <category android:name="android.intent.category.LAUNCHER" />
103-->src\main\AndroidManifest.xml:79:17-77
103-->src\main\AndroidManifest.xml:79:27-74
104            </intent-filter>
105        </activity>
106
107        <service
107-->[androidx.camera:camera-camera2:1.4.1] AndroidManifest.xml:24:9-33:19
108            android:name="androidx.camera.core.impl.MetadataHolderService"
108-->[androidx.camera:camera-camera2:1.4.1] AndroidManifest.xml:25:13-75
109            android:enabled="false"
109-->[androidx.camera:camera-camera2:1.4.1] AndroidManifest.xml:26:13-36
110            android:exported="false" >
110-->[androidx.camera:camera-camera2:1.4.1] AndroidManifest.xml:27:13-37
111            <meta-data
111-->[androidx.camera:camera-camera2:1.4.1] AndroidManifest.xml:30:13-32:89
112                android:name="androidx.camera.core.impl.MetadataHolderService.DEFAULT_CONFIG_PROVIDER"
112-->[androidx.camera:camera-camera2:1.4.1] AndroidManifest.xml:31:17-103
113                android:value="androidx.camera.camera2.Camera2Config$DefaultProvider" />
113-->[androidx.camera:camera-camera2:1.4.1] AndroidManifest.xml:32:17-86
114        </service>
115
116        <meta-data
116-->[com.google.maps.android:android-maps-utils:3.7.0] AndroidManifest.xml:8:9-10:69
117            android:name="com.google.android.gms.version"
117-->[com.google.maps.android:android-maps-utils:3.7.0] AndroidManifest.xml:9:13-58
118            android:value="@integer/google_play_services_version" /> <!-- Needs to be explicitly declared on P+ -->
118-->[com.google.maps.android:android-maps-utils:3.7.0] AndroidManifest.xml:10:13-66
119        <uses-library
119-->[com.google.android.gms:play-services-maps:18.2.0] AndroidManifest.xml:39:9-41:40
120            android:name="org.apache.http.legacy"
120-->[com.google.android.gms:play-services-maps:18.2.0] AndroidManifest.xml:40:13-50
121            android:required="false" />
121-->[com.google.android.gms:play-services-maps:18.2.0] AndroidManifest.xml:41:13-37
122
123        <activity
123-->[com.google.android.gms:play-services-base:18.1.0] AndroidManifest.xml:20:9-22:45
124            android:name="com.google.android.gms.common.api.GoogleApiActivity"
124-->[com.google.android.gms:play-services-base:18.1.0] AndroidManifest.xml:20:19-85
125            android:exported="false"
125-->[com.google.android.gms:play-services-base:18.1.0] AndroidManifest.xml:22:19-43
126            android:theme="@android:style/Theme.Translucent.NoTitleBar" />
126-->[com.google.android.gms:play-services-base:18.1.0] AndroidManifest.xml:21:19-78
127
128        <provider
128-->[androidx.emoji2:emoji2:1.2.0] AndroidManifest.xml:24:9-32:20
129            android:name="androidx.startup.InitializationProvider"
129-->[androidx.emoji2:emoji2:1.2.0] AndroidManifest.xml:25:13-67
130            android:authorities="com.navisense.androidx-startup"
130-->[androidx.emoji2:emoji2:1.2.0] AndroidManifest.xml:26:13-68
131            android:exported="false" >
131-->[androidx.emoji2:emoji2:1.2.0] AndroidManifest.xml:27:13-37
132            <meta-data
132-->[androidx.emoji2:emoji2:1.2.0] AndroidManifest.xml:29:13-31:52
133                android:name="androidx.emoji2.text.EmojiCompatInitializer"
133-->[androidx.emoji2:emoji2:1.2.0] AndroidManifest.xml:30:17-75
134                android:value="androidx.startup" />
134-->[androidx.emoji2:emoji2:1.2.0] AndroidManifest.xml:31:17-49
135            <meta-data
135-->[androidx.lifecycle:lifecycle-process:2.7.0] AndroidManifest.xml:29:13-31:52
136                android:name="androidx.lifecycle.ProcessLifecycleInitializer"
136-->[androidx.lifecycle:lifecycle-process:2.7.0] AndroidManifest.xml:30:17-78
137                android:value="androidx.startup" />
137-->[androidx.lifecycle:lifecycle-process:2.7.0] AndroidManifest.xml:31:17-49
138            <meta-data
138-->[androidx.profileinstaller:profileinstaller:1.3.1] AndroidManifest.xml:29:13-31:52
139                android:name="androidx.profileinstaller.ProfileInstallerInitializer"
139-->[androidx.profileinstaller:profileinstaller:1.3.1] AndroidManifest.xml:30:17-85
140                android:value="androidx.startup" />
140-->[androidx.profileinstaller:profileinstaller:1.3.1] AndroidManifest.xml:31:17-49
141        </provider>
142
143        <uses-library
143-->[androidx.window:window:1.0.0] AndroidManifest.xml:25:9-27:40
144            android:name="androidx.window.extensions"
144-->[androidx.window:window:1.0.0] AndroidManifest.xml:26:13-54
145            android:required="false" />
145-->[androidx.window:window:1.0.0] AndroidManifest.xml:27:13-37
146        <uses-library
146-->[androidx.window:window:1.0.0] AndroidManifest.xml:28:9-30:40
147            android:name="androidx.window.sidecar"
147-->[androidx.window:window:1.0.0] AndroidManifest.xml:29:13-51
148            android:required="false" />
148-->[androidx.window:window:1.0.0] AndroidManifest.xml:30:13-37
149
150        <receiver
150-->[androidx.profileinstaller:profileinstaller:1.3.1] AndroidManifest.xml:34:9-52:20
151            android:name="androidx.profileinstaller.ProfileInstallReceiver"
151-->[androidx.profileinstaller:profileinstaller:1.3.1] AndroidManifest.xml:35:13-76
152            android:directBootAware="false"
152-->[androidx.profileinstaller:profileinstaller:1.3.1] AndroidManifest.xml:36:13-44
153            android:enabled="true"
153-->[androidx.profileinstaller:profileinstaller:1.3.1] AndroidManifest.xml:37:13-35
154            android:exported="true"
154-->[androidx.profileinstaller:profileinstaller:1.3.1] AndroidManifest.xml:38:13-36
155            android:permission="android.permission.DUMP" >
155-->[androidx.profileinstaller:profileinstaller:1.3.1] AndroidManifest.xml:39:13-57
156            <intent-filter>
156-->[androidx.profileinstaller:profileinstaller:1.3.1] AndroidManifest.xml:40:13-42:29
157                <action android:name="androidx.profileinstaller.action.INSTALL_PROFILE" />
157-->[androidx.profileinstaller:profileinstaller:1.3.1] AndroidManifest.xml:41:17-91
157-->[androidx.profileinstaller:profileinstaller:1.3.1] AndroidManifest.xml:41:25-88
158            </intent-filter>
159            <intent-filter>
159-->[androidx.profileinstaller:profileinstaller:1.3.1] AndroidManifest.xml:43:13-45:29
160                <action android:name="androidx.profileinstaller.action.SKIP_FILE" />
160-->[androidx.profileinstaller:profileinstaller:1.3.1] AndroidManifest.xml:44:17-85
160-->[androidx.profileinstaller:profileinstaller:1.3.1] AndroidManifest.xml:44:25-82
161            </intent-filter>
162            <intent-filter>
162-->[androidx.profileinstaller:profileinstaller:1.3.1] AndroidManifest.xml:46:13-48:29
163                <action android:name="androidx.profileinstaller.action.SAVE_PROFILE" />
163-->[androidx.profileinstaller:profileinstaller:1.3.1] AndroidManifest.xml:47:17-88
163-->[androidx.profileinstaller:profileinstaller:1.3.1] AndroidManifest.xml:47:25-85
164            </intent-filter>
165            <intent-filter>
165-->[androidx.profileinstaller:profileinstaller:1.3.1] AndroidManifest.xml:49:13-51:29
166                <action android:name="androidx.profileinstaller.action.BENCHMARK_OPERATION" />
166-->[androidx.profileinstaller:profileinstaller:1.3.1] AndroidManifest.xml:50:17-95
166-->[androidx.profileinstaller:profileinstaller:1.3.1] AndroidManifest.xml:50:25-92
167            </intent-filter>
168        </receiver>
169    </application>
170
171</manifest>